<?xml version="1.0" encoding="UTF-8"?>
<testng-results total="3" passed="3" failed="0" skipped="0">
  <reporter-output>
  </reporter-output>
  <suite started-at="2020-01-05T13:13:37Z" name="Default suite" finished-at="2020-01-05T13:14:08Z" duration-ms="30921">
    <groups>
    </groups>
    <test started-at="2020-01-05T13:13:37Z" name="Default test" finished-at="2020-01-05T13:14:08Z" duration-ms="30921">
      <class name="com.crm.qa.testcases.LoginPageTest">
        <test-method is-config="true" signature="setup()[pri:0, instance:com.crm.qa.testcases.LoginPageTest@752325ad]" started-at="2020-01-05T18:43:38Z" name="setup" finished-at="2020-01-05T18:43:45Z" duration-ms="7793" status="PASS">
          <reporter-output>
          </reporter-output>
        </test-method> <!-- setup -->
        <test-method signature="loginPageTitleTest()[pri:0, instance:com.crm.qa.testcases.LoginPageTest@752325ad]" started-at="2020-01-05T18:43:45Z" name="loginPageTitleTest" finished-at="2020-01-05T18:43:45Z" duration-ms="33" status="PASS">
          <reporter-output>
          </reporter-output>
        </test-method> <!-- loginPageTitleTest -->
        <test-method is-config="true" signature="tearDown()[pri:0, instance:com.crm.qa.testcases.LoginPageTest@752325ad]" started-at="2020-01-05T18:43:45Z" name="tearDown" finished-at="2020-01-05T18:43:45Z" duration-ms="102" status="PASS">
          <reporter-output>
          </reporter-output>
        </test-method> <!-- tearDown -->
        <test-method is-config="true" signature="setup()[pri:0, instance:com.crm.qa.testcases.LoginPageTest@752325ad]" started-at="2020-01-05T18:43:45Z" name="setup" finished-at="2020-01-05T18:43:51Z" duration-ms="5069" status="PASS">
          <reporter-output>
          </reporter-output>
        </test-method> <!-- setup -->
        <test-method signature="crmLogoVerify()[pri:0, instance:com.crm.qa.testcases.LoginPageTest@752325ad]" started-at="2020-01-05T18:43:51Z" name="crmLogoVerify" finished-at="2020-01-05T18:43:51Z" duration-ms="187" status="PASS">
          <reporter-output>
          </reporter-output>
        </test-method> <!-- crmLogoVerify -->
        <test-method is-config="true" signature="tearDown()[pri:0, instance:com.crm.qa.testcases.LoginPageTest@752325ad]" started-at="2020-01-05T18:43:51Z" name="tearDown" finished-at="2020-01-05T18:43:51Z" duration-ms="83" status="PASS">
          <reporter-output>
          </reporter-output>
        </test-method> <!-- tearDown -->
        <test-method is-config="true" signature="setup()[pri:0, instance:com.crm.qa.testcases.LoginPageTest@752325ad]" started-at="2020-01-05T18:43:51Z" name="setup" finished-at="2020-01-05T18:43:56Z" duration-ms="5307" status="PASS">
          <reporter-output>
          </reporter-output>
        </test-method> <!-- setup -->
        <test-method signature="loginTest()[pri:0, instance:com.crm.qa.testcases.LoginPageTest@752325ad]" started-at="2020-01-05T18:43:56Z" name="loginTest" finished-at="2020-01-05T18:44:06Z" duration-ms="9996" status="PASS">
          <reporter-output>
          </reporter-output>
        </test-method> <!-- loginTest -->
        <test-method is-config="true" signature="tearDown()[pri:0, instance:com.crm.qa.testcases.LoginPageTest@752325ad]" started-at="2020-01-05T18:44:06Z" name="tearDown" finished-at="2020-01-05T18:44:08Z" duration-ms="2318" status="PASS">
          <reporter-output>
          </reporter-output>
        </test-method> <!-- tearDown -->
      </class> <!-- com.crm.qa.testcases.LoginPageTest -->
    </test> <!-- Default test -->
  </suite> <!-- Default suite -->
</testng-results>
