<?xml version="1.0" encoding="UTF-8"?>
<!-- Generated by org.testng.reporters.JUnitXMLReporter -->
<testsuite hostname="sriharsha-PC" failures="0" tests="3" name="Default test" time="30.921" errors="0" timestamp="5 Jan 2020 13:14:08 GMT">
  <testcase classname="com.crm.qa.testcases.LoginPageTest" name="loginPageTitleTest" time="0.033"/>
  <testcase classname="com.crm.qa.testcases.LoginPageTest" name="crmLogoVerify" time="0.187"/>
  <testcase classname="com.crm.qa.testcases.LoginPageTest" name="loginTest" time="9.996"/>
</testsuite> <!-- Default test -->
